#! /usr/bin/vvp
:ivl_version "11.0 (stable)";
:ivl_delay_selection "TYPICAL";
:vpi_time_precision + 0;
:vpi_module "/usr/lib/x86_64-linux-gnu/ivl/system.vpi";
:vpi_module "/usr/lib/x86_64-linux-gnu/ivl/vhdl_sys.vpi";
:vpi_module "/usr/lib/x86_64-linux-gnu/ivl/vhdl_textio.vpi";
:vpi_module "/usr/lib/x86_64-linux-gnu/ivl/v2005_math.vpi";
:vpi_module "/usr/lib/x86_64-linux-gnu/ivl/va_math.vpi";
S_0x55e782540bd0 .scope module, "test_arctan_lookup" "test_arctan_lookup" 2 7;
 .timescale 0 0;
v0x55e78256b830_0 .net "arctan", 31 0, L_0x55e78256bc50;  1 drivers
v0x55e78256b8f0_0 .var "j", 4 0;
S_0x55e782515d90 .scope module, "dut" "arctan_lookup" 2 12, 3 7 0, S_0x55e782540bd0;
 .timescale 0 0;
    .port_info 0 /INPUT 5 "j";
    .port_info 1 /OUTPUT 32 "arctan";
P_0x55e782515f70 .param/l "N" 0 3 7, +C4<00000000000000000000000000100000>;
L_0x55e78256bc50 .functor BUFZ 32, L_0x55e78256b9c0, C4<00000000000000000000000000000000>, C4<00000000000000000000000000000000>, C4<00000000000000000000000000000000>;
v0x55e782516010_0 .net *"_ivl_0", 31 0, L_0x55e78256b9c0;  1 drivers
v0x55e78256b330_0 .net *"_ivl_2", 6 0, L_0x55e78256bac0;  1 drivers
L_0x7fc73f786018 .functor BUFT 1, C4<00>, C4<0>, C4<0>, C4<0>;
v0x55e78256b410_0 .net *"_ivl_5", 1 0, L_0x7fc73f786018;  1 drivers
v0x55e78256b500_0 .net "arctan", 31 0, L_0x55e78256bc50;  alias, 1 drivers
v0x55e78256b5e0_0 .net "j", 4 0, v0x55e78256b8f0_0;  1 drivers
v0x55e78256b710 .array "lookup_table", 31 0, 31 0;
L_0x55e78256b9c0 .array/port v0x55e78256b710, L_0x55e78256bac0;
L_0x55e78256bac0 .concat [ 5 2 0 0], v0x55e78256b8f0_0, L_0x7fc73f786018;
    .scope S_0x55e782515d90;
T_0 ;
    %pushi/vec4 421657428, 0, 32;
    %ix/load 3, 0, 0;
    %flag_set/imm 4, 0;
    %ix/load 4, 0, 0; Constant delay
    %assign/vec4/a/d v0x55e78256b710, 0, 4;
    %pushi/vec4 248918914, 0, 32;
    %ix/load 3, 1, 0;
    %flag_set/imm 4, 0;
    %ix/load 4, 0, 0; Constant delay
    %assign/vec4/a/d v0x55e78256b710, 0, 4;
    %pushi/vec4 131521918, 0, 32;
    %ix/load 3, 2, 0;
    %flag_set/imm 4, 0;
    %ix/load 4, 0, 0; Constant delay
    %assign/vec4/a/d v0x55e78256b710, 0, 4;
    %pushi/vec4 66762579, 0, 32;
    %ix/load 3, 3, 0;
    %flag_set/imm 4, 0;
    %ix/load 4, 0, 0; Constant delay
    %assign/vec4/a/d v0x55e78256b710, 0, 4;
    %pushi/vec4 33510843, 0, 32;
    %ix/load 3, 4, 0;
    %flag_set/imm 4, 0;
    %ix/load 4, 0, 0; Constant delay
    %assign/vec4/a/d v0x55e78256b710, 0, 4;
    %pushi/vec4 16771757, 0, 32;
    %ix/load 3, 5, 0;
    %flag_set/imm 4, 0;
    %ix/load 4, 0, 0; Constant delay
    %assign/vec4/a/d v0x55e78256b710, 0, 4;
    %pushi/vec4 8387925, 0, 32;
    %ix/load 3, 6, 0;
    %flag_set/imm 4, 0;
    %ix/load 4, 0, 0; Constant delay
    %assign/vec4/a/d v0x55e78256b710, 0, 4;
    %pushi/vec4 4194218, 0, 32;
    %ix/load 3, 7, 0;
    %flag_set/imm 4, 0;
    %ix/load 4, 0, 0; Constant delay
    %assign/vec4/a/d v0x55e78256b710, 0, 4;
    %pushi/vec4 2097141, 0, 32;
    %ix/load 3, 8, 0;
    %flag_set/imm 4, 0;
    %ix/load 4, 0, 0; Constant delay
    %assign/vec4/a/d v0x55e78256b710, 0, 4;
    %pushi/vec4 1048574, 0, 32;
    %ix/load 3, 9, 0;
    %flag_set/imm 4, 0;
    %ix/load 4, 0, 0; Constant delay
    %assign/vec4/a/d v0x55e78256b710, 0, 4;
    %pushi/vec4 524287, 0, 32;
    %ix/load 3, 10, 0;
    %flag_set/imm 4, 0;
    %ix/load 4, 0, 0; Constant delay
    %assign/vec4/a/d v0x55e78256b710, 0, 4;
    %pushi/vec4 262143, 0, 32;
    %ix/load 3, 11, 0;
    %flag_set/imm 4, 0;
    %ix/load 4, 0, 0; Constant delay
    %assign/vec4/a/d v0x55e78256b710, 0, 4;
    %pushi/vec4 131071, 0, 32;
    %ix/load 3, 12, 0;
    %flag_set/imm 4, 0;
    %ix/load 4, 0, 0; Constant delay
    %assign/vec4/a/d v0x55e78256b710, 0, 4;
    %pushi/vec4 32767, 0, 32;
    %ix/load 3, 13, 0;
    %flag_set/imm 4, 0;
    %ix/load 4, 0, 0; Constant delay
    %assign/vec4/a/d v0x55e78256b710, 0, 4;
    %pushi/vec4 16383, 0, 32;
    %ix/load 3, 14, 0;
    %flag_set/imm 4, 0;
    %ix/load 4, 0, 0; Constant delay
    %assign/vec4/a/d v0x55e78256b710, 0, 4;
    %pushi/vec4 8191, 0, 32;
    %ix/load 3, 15, 0;
    %flag_set/imm 4, 0;
    %ix/load 4, 0, 0; Constant delay
    %assign/vec4/a/d v0x55e78256b710, 0, 4;
    %pushi/vec4 4095, 0, 32;
    %ix/load 3, 16, 0;
    %flag_set/imm 4, 0;
    %ix/load 4, 0, 0; Constant delay
    %assign/vec4/a/d v0x55e78256b710, 0, 4;
    %pushi/vec4 2047, 0, 32;
    %ix/load 3, 17, 0;
    %flag_set/imm 4, 0;
    %ix/load 4, 0, 0; Constant delay
    %assign/vec4/a/d v0x55e78256b710, 0, 4;
    %pushi/vec4 1023, 0, 32;
    %ix/load 3, 18, 0;
    %flag_set/imm 4, 0;
    %ix/load 4, 0, 0; Constant delay
    %assign/vec4/a/d v0x55e78256b710, 0, 4;
    %pushi/vec4 511, 0, 32;
    %ix/load 3, 19, 0;
    %flag_set/imm 4, 0;
    %ix/load 4, 0, 0; Constant delay
    %assign/vec4/a/d v0x55e78256b710, 0, 4;
    %pushi/vec4 255, 0, 32;
    %ix/load 3, 20, 0;
    %flag_set/imm 4, 0;
    %ix/load 4, 0, 0; Constant delay
    %assign/vec4/a/d v0x55e78256b710, 0, 4;
    %pushi/vec4 127, 0, 32;
    %ix/load 3, 21, 0;
    %flag_set/imm 4, 0;
    %ix/load 4, 0, 0; Constant delay
    %assign/vec4/a/d v0x55e78256b710, 0, 4;
    %pushi/vec4 63, 0, 32;
    %ix/load 3, 22, 0;
    %flag_set/imm 4, 0;
    %ix/load 4, 0, 0; Constant delay
    %assign/vec4/a/d v0x55e78256b710, 0, 4;
    %pushi/vec4 31, 0, 32;
    %ix/load 3, 23, 0;
    %flag_set/imm 4, 0;
    %ix/load 4, 0, 0; Constant delay
    %assign/vec4/a/d v0x55e78256b710, 0, 4;
    %pushi/vec4 15, 0, 32;
    %ix/load 3, 24, 0;
    %flag_set/imm 4, 0;
    %ix/load 4, 0, 0; Constant delay
    %assign/vec4/a/d v0x55e78256b710, 0, 4;
    %pushi/vec4 7, 0, 32;
    %ix/load 3, 25, 0;
    %flag_set/imm 4, 0;
    %ix/load 4, 0, 0; Constant delay
    %assign/vec4/a/d v0x55e78256b710, 0, 4;
    %pushi/vec4 3, 0, 32;
    %ix/load 3, 26, 0;
    %flag_set/imm 4, 0;
    %ix/load 4, 0, 0; Constant delay
    %assign/vec4/a/d v0x55e78256b710, 0, 4;
    %pushi/vec4 1, 0, 32;
    %ix/load 3, 27, 0;
    %flag_set/imm 4, 0;
    %ix/load 4, 0, 0; Constant delay
    %assign/vec4/a/d v0x55e78256b710, 0, 4;
    %pushi/vec4 0, 0, 32;
    %ix/load 3, 28, 0;
    %flag_set/imm 4, 0;
    %ix/load 4, 0, 0; Constant delay
    %assign/vec4/a/d v0x55e78256b710, 0, 4;
    %end;
    .thread T_0;
    .scope S_0x55e782540bd0;
T_1 ;
    %vpi_call 2 18 "$dumpfile", "waveform.vcd" {0 0 0};
    %vpi_call 2 19 "$dumpvars", 32'sb00000000000000000000000000000000, S_0x55e782515d90 {0 0 0};
    %pushi/vec4 0, 0, 5;
    %store/vec4 v0x55e78256b8f0_0, 0, 5;
T_1.0 ;
    %load/vec4 v0x55e78256b8f0_0;
    %pad/u 32;
    %cmpi/u 28, 0, 32;
    %flag_or 5, 4;
    %jmp/0xz T_1.1, 5;
    %delay 5, 0;
    %vpi_call 2 23 "$display", "j = %d, arctan = %b", v0x55e78256b8f0_0, v0x55e78256b830_0 {0 0 0};
    %load/vec4 v0x55e78256b8f0_0;
    %addi 1, 0, 5;
    %store/vec4 v0x55e78256b8f0_0, 0, 5;
    %jmp T_1.0;
T_1.1 ;
    %vpi_call 2 25 "$finish" {0 0 0};
    %end;
    .thread T_1;
# The file index is used to find the file name in the following table.
:file_names 4;
    "N/A";
    "<interactive>";
    "tb_arctan_lookup.v";
    "arctan_lookup.v";
